# JRE version: OpenJDK Runtime Environment (21.0.8) (build 21.0.8+-14196175-b1038.72)
# Java VM: OpenJDK 64-Bit Server VM (21.0.8+-14196175-b1038.72, mixed mode, tiered, compressed oops, compressed class ptrs, g1 gc, windows-amd64)
GC Precious Log:
 CardTable entry size: 512
 Card Set container configuration: InlinePtr #cards 5 size 8 Array Of Cards #cards 12 size 40 Howl #buckets 4 coarsen threshold 1843 Howl Bitmap #cards 512 size 80 coarsen threshold 460 Card regions per heap region 1 cards per card region 2048
 CPUs: 8 total, 8 available
 Memory: 8066M
 Large Page Support: Disabled
 NUMA Support: Disabled
 Compressed Oops: Enabled (32-bit)
 Heap Region Size: 1M
 Heap Min Capacity: 8M
 Heap Initial Capacity: 128M
 Heap Max Capacity: 2018M
 Pre-touch: Disabled
 Parallel Workers: 8
 Concurrent Workers: 2
 Concurrent Refinement Workers: 8
 Periodic GC: Disabled
Heap:
 garbage-first heap   total 183296K, used 137375K [0x0000000081e00000, 0x0000000100000000)
  region size 1024K, 24 young (24576K), 5 survivors (5120K)
 Metaspace       used 67613K, committed 68352K, reserved 1114112K
  class space    used 7633K, committed 8000K, reserved 1048576K
GC Heap History (20 events):
Event: 58.149 GC heap before
{Heap before GC invocations=44 (full 0):
 garbage-first heap   total 142336K, used 112018K [0x0000000081e00000, 0x0000000100000000)
  region size 1024K, 32 young (32768K), 5 survivors (5120K)
 Metaspace       used 64331K, committed 65024K, reserved 1114112K
  class space    used 7431K, committed 7744K, reserved 1048576K
}
Event: 58.161 GC heap after
{Heap after GC invocations=45 (full 0):
 garbage-first heap   total 142336K, used 88932K [0x0000000081e00000, 0x0000000100000000)
  region size 1024K, 4 young (4096K), 4 survivors (4096K)
 Metaspace       used 64331K, committed 65024K, reserved 1114112K
  class space    used 7431K, committed 7744K, reserved 1048576K
}
Event: 60.850 GC heap before
{Heap before GC invocations=46 (full 0):
 garbage-first heap   total 142336K, used 128868K [0x0000000081e00000, 0x0000000100000000)
  region size 1024K, 43 young (44032K), 4 survivors (4096K)
 Metaspace       used 64861K, committed 65600K, reserved 1114112K
  class space    used 7459K, committed 7808K, reserved 1048576K
}
Event: 60.870 GC heap after
{Heap after GC invocations=47 (full 0):
 garbage-first heap   total 142336K, used 94638K [0x0000000081e00000, 0x0000000100000000)
  region size 1024K, 6 young (6144K), 6 survivors (6144K)
 Metaspace       used 64861K, committed 65600K, reserved 1114112K
  class space    used 7459K, committed 7808K, reserved 1048576K
}
Event: 69.587 GC heap before
{Heap before GC invocations=47 (full 0):
 garbage-first heap   total 142336K, used 127406K [0x0000000081e00000, 0x0000000100000000)
  region size 1024K, 37 young (37888K), 6 survivors (6144K)
 Metaspace       used 65057K, committed 65792K, reserved 1114112K
  class space    used 7470K, committed 7808K, reserved 1048576K
}
Event: 69.611 GC heap after
{Heap after GC invocations=48 (full 0):
 garbage-first heap   total 142336K, used 97076K [0x0000000081e00000, 0x0000000100000000)
  region size 1024K, 3 young (3072K), 3 survivors (3072K)
 Metaspace       used 65057K, committed 65792K, reserved 1114112K
  class space    used 7470K, committed 7808K, reserved 1048576K
}
Event: 73.500 GC heap before
{Heap before GC invocations=48 (full 0):
 garbage-first heap   total 142336K, used 130868K [0x0000000081e00000, 0x0000000100000000)
  region size 1024K, 36 young (36864K), 3 survivors (3072K)
 Metaspace       used 65268K, committed 65984K, reserved 1114112K
  class space    used 7475K, committed 7808K, reserved 1048576K
}
Event: 73.515 GC heap after
{Heap after GC invocations=49 (full 0):
 garbage-first heap   total 142336K, used 100117K [0x0000000081e00000, 0x0000000100000000)
  region size 1024K, 3 young (3072K), 3 survivors (3072K)
 Metaspace       used 65268K, committed 65984K, reserved 1114112K
  class space    used 7475K, committed 7808K, reserved 1048576K
}
Event: 77.885 GC heap before
{Heap before GC invocations=50 (full 0):
 garbage-first heap   total 167936K, used 129813K [0x0000000081e00000, 0x0000000100000000)
  region size 1024K, 32 young (32768K), 3 survivors (3072K)
 Metaspace       used 65539K, committed 66304K, reserved 1114112K
  class space    used 7499K, committed 7872K, reserved 1048576K
}
Event: 77.898 GC heap after
{Heap after GC invocations=51 (full 0):
 garbage-first heap   total 167936K, used 102786K [0x0000000081e00000, 0x0000000100000000)
  region size 1024K, 3 young (3072K), 3 survivors (3072K)
 Metaspace       used 65539K, committed 66304K, reserved 1114112K
  class space    used 7499K, committed 7872K, reserved 1048576K
}
Event: 84.233 GC heap before
{Heap before GC invocations=51 (full 0):
 garbage-first heap   total 167936K, used 153986K [0x0000000081e00000, 0x0000000100000000)
  region size 1024K, 53 young (54272K), 3 survivors (3072K)
 Metaspace       used 65689K, committed 66432K, reserved 1114112K
  class space    used 7504K, committed 7872K, reserved 1048576K
}
Event: 84.251 GC heap after
{Heap after GC invocations=52 (full 0):
 garbage-first heap   total 167936K, used 105081K [0x0000000081e00000, 0x0000000100000000)
  region size 1024K, 6 young (6144K), 6 survivors (6144K)
 Metaspace       used 65689K, committed 66432K, reserved 1114112K
  class space    used 7504K, committed 7872K, reserved 1048576K
}
Event: 90.483 GC heap before
{Heap before GC invocations=52 (full 0):
 garbage-first heap   total 167936K, used 152185K [0x0000000081e00000, 0x0000000100000000)
  region size 1024K, 52 young (53248K), 6 survivors (6144K)
 Metaspace       used 66018K, committed 66688K, reserved 1114112K
  class space    used 7514K, committed 7872K, reserved 1048576K
}
Event: 90.510 GC heap after
{Heap after GC invocations=53 (full 0):
 garbage-first heap   total 167936K, used 108808K [0x0000000081e00000, 0x0000000100000000)
  region size 1024K, 4 young (4096K), 4 survivors (4096K)
 Metaspace       used 66018K, committed 66688K, reserved 1114112K
  class space    used 7514K, committed 7872K, reserved 1048576K
}
Event: 96.474 GC heap before
{Heap before GC invocations=54 (full 0):
 garbage-first heap   total 183296K, used 152840K [0x0000000081e00000, 0x0000000100000000)
  region size 1024K, 47 young (48128K), 4 survivors (4096K)
 Metaspace       used 66166K, committed 66880K, reserved 1114112K
  class space    used 7517K, committed 7872K, reserved 1048576K
}
Event: 96.500 GC heap after
{Heap after GC invocations=55 (full 0):
 garbage-first heap   total 183296K, used 111729K [0x0000000081e00000, 0x0000000100000000)
  region size 1024K, 3 young (3072K), 3 survivors (3072K)
 Metaspace       used 66166K, committed 66880K, reserved 1114112K
  class space    used 7517K, committed 7872K, reserved 1048576K
}
Event: 103.224 GC heap before
{Heap before GC invocations=55 (full 0):
 garbage-first heap   total 183296K, used 169073K [0x0000000081e00000, 0x0000000100000000)
  region size 1024K, 59 young (60416K), 3 survivors (3072K)
 Metaspace       used 66363K, committed 67072K, reserved 1114112K
  class space    used 7526K, committed 7872K, reserved 1048576K
}
Event: 103.238 GC heap after
{Heap after GC invocations=56 (full 0):
 garbage-first heap   total 183296K, used 115526K [0x0000000081e00000, 0x0000000100000000)
  region size 1024K, 7 young (7168K), 7 survivors (7168K)
 Metaspace       used 66363K, committed 67072K, reserved 1114112K
  class space    used 7526K, committed 7872K, reserved 1048576K
}
Event: 111.315 GC heap before
{Heap before GC invocations=56 (full 0):
 garbage-first heap   total 183296K, used 164678K [0x0000000081e00000, 0x0000000100000000)
  region size 1024K, 55 young (56320K), 7 survivors (7168K)
 Metaspace       used 67299K, committed 68032K, reserved 1114112K
  class space    used 7612K, committed 7936K, reserved 1048576K
}
Event: 111.342 GC heap after
{Heap after GC invocations=57 (full 0):
 garbage-first heap   total 183296K, used 118943K [0x0000000081e00000, 0x0000000100000000)
  region size 1024K, 5 young (5120K), 5 survivors (5120K)
 Metaspace       used 67299K, committed 68032K, reserved 1114112K
  class space    used 7612K, committed 7936K, reserved 1048576K
}

