# JRE version: OpenJDK Runtime Environment Temurin-17.0.16+8 (17.0.16+8) (build 17.0.16+8)
# Java VM: OpenJDK 64-Bit Server VM Temurin-17.0.16+8 (17.0.16+8, mixed mode, sharing, tiered, compressed oops, compressed class ptrs, g1 gc, windows-amd64)
GC Precious Log:
 CPUs: 8 total, 8 available
 Memory: 8066M
 Large Page Support: Disabled
 NUMA Support: Disabled
 Compressed Oops: Enabled (32-bit)
 Heap Region Size: 1M
 Heap Min Capacity: 8M
 Heap Initial Capacity: 128M
 Heap Max Capacity: 2018M
 Pre-touch: Disabled
 Parallel Workers: 8
 Concurrent Workers: 2
 Concurrent Refinement Workers: 8
 Periodic GC: Disabled
Heap:
 garbage-first heap   total 141312K, used 103830K [0x0000000081e00000, 0x0000000100000000)
  region size 1024K, 33 young (33792K), 1 survivors (1024K)
 Metaspace       used 49047K, committed 49408K, reserved 1114112K
  class space    used 5512K, committed 5696K, reserved 1048576K
GC Heap History (20 events):
Event: 10.846 GC heap before
{Heap before GC invocations=7 (full 0):
 garbage-first heap   total 68608K, used 50624K [0x0000000081e00000, 0x0000000100000000)
  region size 1024K, 27 young (27648K), 4 survivors (4096K)
 Metaspace       used 33121K, committed 33408K, reserved 1114112K
  class space    used 4067K, committed 4224K, reserved 1048576K
}
Event: 10.864 GC heap after
{Heap after GC invocations=8 (full 0):
 garbage-first heap   total 68608K, used 29487K [0x0000000081e00000, 0x0000000100000000)
  region size 1024K, 3 young (3072K), 3 survivors (3072K)
 Metaspace       used 33121K, committed 33408K, reserved 1114112K
  class space    used 4067K, committed 4224K, reserved 1048576K
}
Event: 11.749 GC heap before
{Heap before GC invocations=8 (full 0):
 garbage-first heap   total 68608K, used 53039K [0x0000000081e00000, 0x0000000100000000)
  region size 1024K, 24 young (24576K), 3 survivors (3072K)
 Metaspace       used 34429K, committed 34688K, reserved 1114112K
  class space    used 4149K, committed 4288K, reserved 1048576K
}
Event: 11.762 GC heap after
{Heap after GC invocations=9 (full 0):
 garbage-first heap   total 116736K, used 33662K [0x0000000081e00000, 0x0000000100000000)
  region size 1024K, 3 young (3072K), 3 survivors (3072K)
 Metaspace       used 34429K, committed 34688K, reserved 1114112K
  class space    used 4149K, committed 4288K, reserved 1048576K
}
Event: 12.944 GC heap before
{Heap before GC invocations=9 (full 0):
 garbage-first heap   total 116736K, used 84862K [0x0000000081e00000, 0x0000000100000000)
  region size 1024K, 53 young (54272K), 3 survivors (3072K)
 Metaspace       used 34512K, committed 34752K, reserved 1114112K
  class space    used 4149K, committed 4288K, reserved 1048576K
}
Event: 12.962 GC heap after
{Heap after GC invocations=10 (full 0):
 garbage-first heap   total 116736K, used 37737K [0x0000000081e00000, 0x0000000100000000)
  region size 1024K, 7 young (7168K), 7 survivors (7168K)
 Metaspace       used 34512K, committed 34752K, reserved 1114112K
  class space    used 4149K, committed 4288K, reserved 1048576K
}
Event: 13.743 GC heap before
{Heap before GC invocations=10 (full 0):
 garbage-first heap   total 116736K, used 86889K [0x0000000081e00000, 0x0000000100000000)
  region size 1024K, 55 young (56320K), 7 survivors (7168K)
 Metaspace       used 34992K, committed 35264K, reserved 1114112K
  class space    used 4197K, committed 4352K, reserved 1048576K
}
Event: 13.772 GC heap after
{Heap after GC invocations=11 (full 0):
 garbage-first heap   total 116736K, used 43522K [0x0000000081e00000, 0x0000000100000000)
  region size 1024K, 6 young (6144K), 6 survivors (6144K)
 Metaspace       used 34992K, committed 35264K, reserved 1114112K
  class space    used 4197K, committed 4352K, reserved 1048576K
}
Event: 14.217 GC heap before
{Heap before GC invocations=11 (full 0):
 garbage-first heap   total 116736K, used 54786K [0x0000000081e00000, 0x0000000100000000)
  region size 1024K, 16 young (16384K), 6 survivors (6144K)
 Metaspace       used 35751K, committed 35968K, reserved 1114112K
  class space    used 4281K, committed 4416K, reserved 1048576K
}
Event: 14.237 GC heap after
{Heap after GC invocations=12 (full 0):
 garbage-first heap   total 116736K, used 48079K [0x0000000081e00000, 0x0000000100000000)
  region size 1024K, 3 young (3072K), 3 survivors (3072K)
 Metaspace       used 35751K, committed 35968K, reserved 1114112K
  class space    used 4281K, committed 4416K, reserved 1048576K
}
Event: 17.162 GC heap before
{Heap before GC invocations=13 (full 0):
 garbage-first heap   total 116736K, used 89039K [0x0000000081e00000, 0x0000000100000000)
  region size 1024K, 43 young (44032K), 3 survivors (3072K)
 Metaspace       used 41686K, committed 41984K, reserved 1114112K
  class space    used 4971K, committed 5120K, reserved 1048576K
}
Event: 17.185 GC heap after
{Heap after GC invocations=14 (full 0):
 garbage-first heap   total 116736K, used 52224K [0x0000000081e00000, 0x0000000100000000)
  region size 1024K, 6 young (6144K), 6 survivors (6144K)
 Metaspace       used 41686K, committed 41984K, reserved 1114112K
  class space    used 4971K, committed 5120K, reserved 1048576K
}
Event: 23.902 GC heap before
{Heap before GC invocations=14 (full 0):
 garbage-first heap   total 116736K, used 90112K [0x0000000081e00000, 0x0000000100000000)
  region size 1024K, 43 young (44032K), 6 survivors (6144K)
 Metaspace       used 43315K, committed 43520K, reserved 1114112K
  class space    used 5068K, committed 5184K, reserved 1048576K
}
Event: 23.948 GC heap after
{Heap after GC invocations=15 (full 0):
 garbage-first heap   total 116736K, used 59320K [0x0000000081e00000, 0x0000000100000000)
  region size 1024K, 6 young (6144K), 6 survivors (6144K)
 Metaspace       used 43315K, committed 43520K, reserved 1114112K
  class space    used 5068K, committed 5184K, reserved 1048576K
}
Event: 25.255 GC heap before
{Heap before GC invocations=15 (full 0):
 garbage-first heap   total 116736K, used 91064K [0x0000000081e00000, 0x0000000100000000)
  region size 1024K, 37 young (37888K), 6 survivors (6144K)
 Metaspace       used 44265K, committed 44608K, reserved 1114112K
  class space    used 5145K, committed 5312K, reserved 1048576K
}
Event: 25.294 GC heap after
{Heap after GC invocations=16 (full 0):
 garbage-first heap   total 116736K, used 66048K [0x0000000081e00000, 0x0000000100000000)
  region size 1024K, 5 young (5120K), 5 survivors (5120K)
 Metaspace       used 44265K, committed 44608K, reserved 1114112K
  class space    used 5145K, committed 5312K, reserved 1048576K
}
Event: 26.854 GC heap before
{Heap before GC invocations=17 (full 0):
 garbage-first heap   total 117760K, used 90624K [0x0000000081e00000, 0x0000000100000000)
  region size 1024K, 30 young (30720K), 5 survivors (5120K)
 Metaspace       used 46289K, committed 46592K, reserved 1114112K
  class space    used 5345K, committed 5504K, reserved 1048576K
}
Event: 26.887 GC heap after
{Heap after GC invocations=18 (full 0):
 garbage-first heap   total 117760K, used 69120K [0x0000000081e00000, 0x0000000100000000)
  region size 1024K, 3 young (3072K), 3 survivors (3072K)
 Metaspace       used 46289K, committed 46592K, reserved 1114112K
  class space    used 5345K, committed 5504K, reserved 1048576K
}
Event: 27.446 GC heap before
{Heap before GC invocations=18 (full 0):
 garbage-first heap   total 117760K, used 75264K [0x0000000081e00000, 0x0000000100000000)
  region size 1024K, 10 young (10240K), 3 survivors (3072K)
 Metaspace       used 46813K, committed 47040K, reserved 1114112K
  class space    used 5357K, committed 5504K, reserved 1048576K
}
Event: 27.460 GC heap after
{Heap after GC invocations=19 (full 0):
 garbage-first heap   total 141312K, used 70038K [0x0000000081e00000, 0x0000000100000000)
  region size 1024K, 1 young (1024K), 1 survivors (1024K)
 Metaspace       used 46813K, committed 47040K, reserved 1114112K
  class space    used 5357K, committed 5504K, reserved 1048576K
}

