# JRE version: OpenJDK Runtime Environment Temurin-17.0.16+8 (17.0.16+8) (build 17.0.16+8)
# Java VM: OpenJDK 64-Bit Server VM Temurin-17.0.16+8 (17.0.16+8, mixed mode, sharing, tiered, compressed oops, compressed class ptrs, g1 gc, windows-amd64)
GC Precious Log:
 CPUs: 8 total, 8 available
 Memory: 8066M
 Large Page Support: Disabled
 NUMA Support: Disabled
 Compressed Oops: Enabled (Zero based)
 Heap Region Size: 2M
 Heap Min Capacity: 8M
 Heap Initial Capacity: 128M
 Heap Max Capacity: 3G
 Pre-touch: Disabled
 Parallel Workers: 8
 Concurrent Workers: 2
 Concurrent Refinement Workers: 8
 Periodic GC: Disabled
Heap:
 garbage-first heap   total 675840K, used 522240K [0x0000000740000000, 0x0000000800000000)
  region size 2048K, 36 young (73728K), 5 survivors (10240K)
 Metaspace       used 114250K, committed 115264K, reserved 1179648K
  class space    used 15576K, committed 16064K, reserved 1048576K
GC Heap History (20 events):
Event: 215.870 GC heap before
{Heap before GC invocations=48 (full 0):
 garbage-first heap   total 266240K, used 207258K [0x0000000740000000, 0x0000000800000000)
  region size 2048K, 48 young (98304K), 7 survivors (14336K)
 Metaspace       used 99542K, committed 100416K, reserved 1179648K
  class space    used 13481K, committed 13888K, reserved 1048576K
}
Event: 215.890 GC heap after
{Heap after GC invocations=49 (full 0):
 garbage-first heap   total 266240K, used 129608K [0x0000000740000000, 0x0000000800000000)
  region size 2048K, 4 young (8192K), 4 survivors (8192K)
 Metaspace       used 99542K, committed 100416K, reserved 1179648K
  class space    used 13481K, committed 13888K, reserved 1048576K
}
Event: 217.633 GC heap before
{Heap before GC invocations=49 (full 0):
 garbage-first heap   total 266240K, used 209480K [0x0000000740000000, 0x0000000800000000)
  region size 2048K, 44 young (90112K), 4 survivors (8192K)
 Metaspace       used 102153K, committed 103040K, reserved 1179648K
  class space    used 13806K, committed 14272K, reserved 1048576K
}
Event: 217.642 GC heap after
{Heap after GC invocations=50 (full 0):
 garbage-first heap   total 266240K, used 130112K [0x0000000740000000, 0x0000000800000000)
  region size 2048K, 4 young (8192K), 4 survivors (8192K)
 Metaspace       used 102153K, committed 103040K, reserved 1179648K
  class space    used 13806K, committed 14272K, reserved 1048576K
}
Event: 218.590 GC heap before
{Heap before GC invocations=50 (full 0):
 garbage-first heap   total 266240K, used 212032K [0x0000000740000000, 0x0000000800000000)
  region size 2048K, 45 young (92160K), 4 survivors (8192K)
 Metaspace       used 102586K, committed 103552K, reserved 1179648K
  class space    used 13845K, committed 14336K, reserved 1048576K
}
Event: 218.603 GC heap after
{Heap after GC invocations=51 (full 0):
 garbage-first heap   total 266240K, used 133131K [0x0000000740000000, 0x0000000800000000)
  region size 2048K, 5 young (10240K), 5 survivors (10240K)
 Metaspace       used 102586K, committed 103552K, reserved 1179648K
  class space    used 13845K, committed 14336K, reserved 1048576K
}
Event: 219.432 GC heap before
{Heap before GC invocations=51 (full 0):
 garbage-first heap   total 266240K, used 196619K [0x0000000740000000, 0x0000000800000000)
  region size 2048K, 35 young (71680K), 5 survivors (10240K)
 Metaspace       used 103758K, committed 104704K, reserved 1179648K
  class space    used 13993K, committed 14464K, reserved 1048576K
}
Event: 219.450 GC heap after
{Heap after GC invocations=52 (full 0):
 garbage-first heap   total 266240K, used 143633K [0x0000000740000000, 0x0000000800000000)
  region size 2048K, 5 young (10240K), 5 survivors (10240K)
 Metaspace       used 103758K, committed 104704K, reserved 1179648K
  class space    used 13993K, committed 14464K, reserved 1048576K
}
Event: 219.942 GC heap before
{Heap before GC invocations=52 (full 0):
 garbage-first heap   total 266240K, used 182545K [0x0000000740000000, 0x0000000800000000)
  region size 2048K, 11 young (22528K), 5 survivors (10240K)
 Metaspace       used 104510K, committed 105536K, reserved 1179648K
  class space    used 14090K, committed 14592K, reserved 1048576K
}
Event: 219.950 GC heap after
{Heap after GC invocations=53 (full 0):
 garbage-first heap   total 266240K, used 175152K [0x0000000740000000, 0x0000000800000000)
  region size 2048K, 4 young (8192K), 4 survivors (8192K)
 Metaspace       used 104510K, committed 105536K, reserved 1179648K
  class space    used 14090K, committed 14592K, reserved 1048576K
}
Event: 220.877 GC heap before
{Heap before GC invocations=54 (full 0):
 garbage-first heap   total 337920K, used 228400K [0x0000000740000000, 0x0000000800000000)
  region size 2048K, 25 young (51200K), 4 survivors (8192K)
 Metaspace       used 106015K, committed 107008K, reserved 1179648K
  class space    used 14289K, committed 14784K, reserved 1048576K
}
Event: 220.924 GC heap after
{Heap after GC invocations=55 (full 0):
 garbage-first heap   total 337920K, used 196602K [0x0000000740000000, 0x0000000800000000)
  region size 2048K, 4 young (8192K), 4 survivors (8192K)
 Metaspace       used 106015K, committed 107008K, reserved 1179648K
  class space    used 14289K, committed 14784K, reserved 1048576K
}
Event: 221.140 GC heap before
{Heap before GC invocations=55 (full 0):
 garbage-first heap   total 337920K, used 204794K [0x0000000740000000, 0x0000000800000000)
  region size 2048K, 8 young (16384K), 4 survivors (8192K)
 Metaspace       used 106641K, committed 107584K, reserved 1179648K
  class space    used 14381K, committed 14848K, reserved 1048576K
}
Event: 221.149 GC heap after
{Heap after GC invocations=56 (full 0):
 garbage-first heap   total 675840K, used 193546K [0x0000000740000000, 0x0000000800000000)
  region size 2048K, 1 young (2048K), 1 survivors (2048K)
 Metaspace       used 106641K, committed 107584K, reserved 1179648K
  class space    used 14381K, committed 14848K, reserved 1048576K
}
Event: 225.335 GC heap before
{Heap before GC invocations=56 (full 0):
 garbage-first heap   total 675840K, used 578570K [0x0000000740000000, 0x0000000800000000)
  region size 2048K, 121 young (247808K), 1 survivors (2048K)
 Metaspace       used 111387K, committed 112384K, reserved 1179648K
  class space    used 14997K, committed 15488K, reserved 1048576K
}
Event: 225.456 GC heap after
{Heap after GC invocations=57 (full 0):
 garbage-first heap   total 675840K, used 322571K [0x0000000740000000, 0x0000000800000000)
  region size 2048K, 16 young (32768K), 16 survivors (32768K)
 Metaspace       used 111387K, committed 112384K, reserved 1179648K
  class space    used 14997K, committed 15488K, reserved 1048576K
}
Event: 227.668 GC heap before
{Heap before GC invocations=57 (full 0):
 garbage-first heap   total 675840K, used 480267K [0x0000000740000000, 0x0000000800000000)
  region size 2048K, 92 young (188416K), 16 survivors (32768K)
 Metaspace       used 114207K, committed 115200K, reserved 1179648K
  class space    used 15576K, committed 16064K, reserved 1048576K
}
Event: 227.861 GC heap after
{Heap after GC invocations=58 (full 0):
 garbage-first heap   total 675840K, used 399360K [0x0000000740000000, 0x0000000800000000)
  region size 2048K, 12 young (24576K), 12 survivors (24576K)
 Metaspace       used 114207K, committed 115200K, reserved 1179648K
  class space    used 15576K, committed 16064K, reserved 1048576K
}
Event: 228.427 GC heap before
{Heap before GC invocations=58 (full 0):
 garbage-first heap   total 675840K, used 507904K [0x0000000740000000, 0x0000000800000000)
  region size 2048K, 65 young (133120K), 12 survivors (24576K)
 Metaspace       used 114221K, committed 115200K, reserved 1179648K
  class space    used 15576K, committed 16064K, reserved 1048576K
}
Event: 228.609 GC heap after
{Heap after GC invocations=59 (full 0):
 garbage-first heap   total 675840K, used 458752K [0x0000000740000000, 0x0000000800000000)
  region size 2048K, 9 young (18432K), 9 survivors (18432K)
 Metaspace       used 114221K, committed 115200K, reserved 1179648K
  class space    used 15576K, committed 16064K, reserved 1048576K
}

