# JRE version: OpenJDK Runtime Environment (21.0.8) (build 21.0.8+-14196175-b1038.72)
# Java VM: OpenJDK 64-Bit Server VM (21.0.8+-14196175-b1038.72, mixed mode, tiered, compressed oops, compressed class ptrs, g1 gc, windows-amd64)
GC Precious Log:
 CardTable entry size: 512
 Card Set container configuration: InlinePtr #cards 5 size 8 Array Of Cards #cards 12 size 40 Howl #buckets 4 coarsen threshold 1843 Howl Bitmap #cards 512 size 80 coarsen threshold 460 Card regions per heap region 1 cards per card region 2048
 CPUs: 8 total, 8 available
 Memory: 8066M
 Large Page Support: Disabled
 NUMA Support: Disabled
 Compressed Oops: Enabled (32-bit)
 Heap Region Size: 1M
 Heap Min Capacity: 8M
 Heap Initial Capacity: 128M
 Heap Max Capacity: 2G
 Pre-touch: Disabled
 Parallel Workers: 8
 Concurrent Workers: 2
 Concurrent Refinement Workers: 8
 Periodic GC: Disabled
Heap:
 garbage-first heap   total 211968K, used 175104K [0x0000000080000000, 0x0000000100000000)
  region size 1024K, 56 young (57344K), 8 survivors (8192K)
 Metaspace       used 114239K, committed 116288K, reserved 1179648K
  class space    used 16142K, committed 17152K, reserved 1048576K
GC Heap History (20 events):
Event: 16.469 GC heap before
{Heap before GC invocations=39 (full 0):
 garbage-first heap   total 147456K, used 126993K [0x0000000080000000, 0x0000000100000000)
  region size 1024K, 44 young (45056K), 5 survivors (5120K)
 Metaspace       used 85922K, committed 87744K, reserved 1179648K
  class space    used 11904K, committed 12800K, reserved 1048576K
}
Event: 16.473 GC heap after
{Heap after GC invocations=40 (full 0):
 garbage-first heap   total 147456K, used 88479K [0x0000000080000000, 0x0000000100000000)
  region size 1024K, 3 young (3072K), 3 survivors (3072K)
 Metaspace       used 85922K, committed 87744K, reserved 1179648K
  class space    used 11904K, committed 12800K, reserved 1048576K
}
Event: 16.694 GC heap before
{Heap before GC invocations=40 (full 0):
 garbage-first heap   total 147456K, used 101791K [0x0000000080000000, 0x0000000100000000)
  region size 1024K, 17 young (17408K), 3 survivors (3072K)
 Metaspace       used 88103K, committed 89984K, reserved 1179648K
  class space    used 12197K, committed 13120K, reserved 1048576K
}
Event: 16.698 GC heap after
{Heap after GC invocations=41 (full 0):
 garbage-first heap   total 147456K, used 89126K [0x0000000080000000, 0x0000000100000000)
  region size 1024K, 3 young (3072K), 3 survivors (3072K)
 Metaspace       used 88103K, committed 89984K, reserved 1179648K
  class space    used 12197K, committed 13120K, reserved 1048576K
}
Event: 17.360 GC heap before
{Heap before GC invocations=42 (full 0):
 garbage-first heap   total 157696K, used 135206K [0x0000000080000000, 0x0000000100000000)
  region size 1024K, 44 young (45056K), 3 survivors (3072K)
 Metaspace       used 91797K, committed 93632K, reserved 1179648K
  class space    used 12681K, committed 13568K, reserved 1048576K
}
Event: 17.365 GC heap after
{Heap after GC invocations=43 (full 0):
 garbage-first heap   total 157696K, used 96102K [0x0000000080000000, 0x0000000100000000)
  region size 1024K, 6 young (6144K), 6 survivors (6144K)
 Metaspace       used 91797K, committed 93632K, reserved 1179648K
  class space    used 12681K, committed 13568K, reserved 1048576K
}
Event: 17.869 GC heap before
{Heap before GC invocations=43 (full 0):
 garbage-first heap   total 157696K, used 140134K [0x0000000080000000, 0x0000000100000000)
  region size 1024K, 49 young (50176K), 6 survivors (6144K)
 Metaspace       used 93251K, committed 95104K, reserved 1179648K
  class space    used 12880K, committed 13760K, reserved 1048576K
}
Event: 17.877 GC heap after
{Heap after GC invocations=44 (full 0):
 garbage-first heap   total 157696K, used 98883K [0x0000000080000000, 0x0000000100000000)
  region size 1024K, 7 young (7168K), 7 survivors (7168K)
 Metaspace       used 93251K, committed 95104K, reserved 1179648K
  class space    used 12880K, committed 13760K, reserved 1048576K
}
Event: 18.090 GC heap before
{Heap before GC invocations=44 (full 0):
 garbage-first heap   total 157696K, used 117315K [0x0000000080000000, 0x0000000100000000)
  region size 1024K, 26 young (26624K), 7 survivors (7168K)
 Metaspace       used 94673K, committed 96640K, reserved 1179648K
  class space    used 13095K, committed 14016K, reserved 1048576K
}
Event: 18.097 GC heap after
{Heap after GC invocations=45 (full 0):
 garbage-first heap   total 157696K, used 100539K [0x0000000080000000, 0x0000000100000000)
  region size 1024K, 2 young (2048K), 2 survivors (2048K)
 Metaspace       used 94673K, committed 96640K, reserved 1179648K
  class space    used 13095K, committed 14016K, reserved 1048576K
}
Event: 18.776 GC heap before
{Heap before GC invocations=46 (full 0):
 garbage-first heap   total 171008K, used 144571K [0x0000000080000000, 0x0000000100000000)
  region size 1024K, 44 young (45056K), 2 survivors (2048K)
 Metaspace       used 98259K, committed 100160K, reserved 1179648K
  class space    used 13784K, committed 14720K, reserved 1048576K
}
Event: 18.780 GC heap after
{Heap after GC invocations=47 (full 0):
 garbage-first heap   total 205824K, used 101354K [0x0000000080000000, 0x0000000100000000)
  region size 1024K, 3 young (3072K), 3 survivors (3072K)
 Metaspace       used 98259K, committed 100160K, reserved 1179648K
  class space    used 13784K, committed 14720K, reserved 1048576K
}
Event: 19.786 GC heap before
{Heap before GC invocations=47 (full 0):
 garbage-first heap   total 205824K, used 175082K [0x0000000080000000, 0x0000000100000000)
  region size 1024K, 75 young (76800K), 3 survivors (3072K)
 Metaspace       used 103860K, committed 105792K, reserved 1179648K
  class space    used 14606K, committed 15552K, reserved 1048576K
}
Event: 19.792 GC heap after
{Heap after GC invocations=48 (full 0):
 garbage-first heap   total 205824K, used 104982K [0x0000000080000000, 0x0000000100000000)
  region size 1024K, 7 young (7168K), 7 survivors (7168K)
 Metaspace       used 103860K, committed 105792K, reserved 1179648K
  class space    used 14606K, committed 15552K, reserved 1048576K
}
Event: 20.816 GC heap before
{Heap before GC invocations=48 (full 0):
 garbage-first heap   total 205824K, used 180758K [0x0000000080000000, 0x0000000100000000)
  region size 1024K, 81 young (82944K), 7 survivors (7168K)
 Metaspace       used 110327K, committed 112384K, reserved 1179648K
  class space    used 15537K, committed 16576K, reserved 1048576K
}
Event: 20.826 GC heap after
{Heap after GC invocations=49 (full 0):
 garbage-first heap   total 205824K, used 109530K [0x0000000080000000, 0x0000000100000000)
  region size 1024K, 11 young (11264K), 11 survivors (11264K)
 Metaspace       used 110327K, committed 112384K, reserved 1179648K
  class space    used 15537K, committed 16576K, reserved 1048576K
}
Event: 21.468 GC heap before
{Heap before GC invocations=49 (full 0):
 garbage-first heap   total 205824K, used 182234K [0x0000000080000000, 0x0000000100000000)
  region size 1024K, 82 young (83968K), 11 survivors (11264K)
 Metaspace       used 112604K, committed 114752K, reserved 1179648K
  class space    used 15925K, committed 16960K, reserved 1048576K
}
Event: 21.487 GC heap after
{Heap after GC invocations=50 (full 0):
 garbage-first heap   total 205824K, used 117886K [0x0000000080000000, 0x0000000100000000)
  region size 1024K, 11 young (11264K), 11 survivors (11264K)
 Metaspace       used 112604K, committed 114752K, reserved 1179648K
  class space    used 15925K, committed 16960K, reserved 1048576K
}
Event: 22.434 GC heap before
{Heap before GC invocations=50 (full 0):
 garbage-first heap   total 205824K, used 182398K [0x0000000080000000, 0x0000000100000000)
  region size 1024K, 74 young (75776K), 11 survivors (11264K)
 Metaspace       used 113836K, committed 115904K, reserved 1179648K
  class space    used 16079K, committed 17088K, reserved 1048576K
}
Event: 22.450 GC heap after
{Heap after GC invocations=51 (full 0):
 garbage-first heap   total 205824K, used 126976K [0x0000000080000000, 0x0000000100000000)
  region size 1024K, 8 young (8192K), 8 survivors (8192K)
 Metaspace       used 113836K, committed 115904K, reserved 1179648K
  class space    used 16079K, committed 17088K, reserved 1048576K
}

