# JRE version: OpenJDK Runtime Environment Temurin-17.0.16+8 (17.0.16+8) (build 17.0.16+8)
# Java VM: OpenJDK 64-Bit Server VM Temurin-17.0.16+8 (17.0.16+8, mixed mode, sharing, tiered, compressed oops, compressed class ptrs, g1 gc, windows-amd64)
GC Precious Log:
 CPUs: 8 total, 8 available
 Memory: 8066M
 Large Page Support: Disabled
 NUMA Support: Disabled
 Compressed Oops: Enabled (32-bit)
 Heap Region Size: 1M
 Heap Min Capacity: 8M
 Heap Initial Capacity: 128M
 Heap Max Capacity: 2G
 Pre-touch: Disabled
 Parallel Workers: 8
 Concurrent Workers: 2
 Concurrent Refinement Workers: 8
 Periodic GC: Disabled
Heap:
 garbage-first heap   total 245760K, used 170464K [0x0000000080000000, 0x0000000100000000)
  region size 1024K, 15 young (15360K), 7 survivors (7168K)
 Metaspace       used 101586K, committed 102592K, reserved 1179648K
  class space    used 13841K, committed 14336K, reserved 1048576K
GC Heap History (20 events):
Event: 166.031 GC heap before
{Heap before GC invocations=59 (full 0):
 garbage-first heap   total 181248K, used 153755K [0x0000000080000000, 0x0000000100000000)
  region size 1024K, 18 young (18432K), 3 survivors (3072K)
 Metaspace       used 100568K, committed 101440K, reserved 1179648K
  class space    used 13813K, committed 14272K, reserved 1048576K
}
Event: 166.044 GC heap after
{Heap after GC invocations=60 (full 0):
 garbage-first heap   total 181248K, used 142693K [0x0000000080000000, 0x0000000100000000)
  region size 1024K, 3 young (3072K), 3 survivors (3072K)
 Metaspace       used 100568K, committed 101440K, reserved 1179648K
  class space    used 13813K, committed 14272K, reserved 1048576K
}
Event: 166.455 GC heap before
{Heap before GC invocations=60 (full 0):
 garbage-first heap   total 181248K, used 156005K [0x0000000080000000, 0x0000000100000000)
  region size 1024K, 16 young (16384K), 3 survivors (3072K)
 Metaspace       used 100615K, committed 101504K, reserved 1179648K
  class space    used 13813K, committed 14272K, reserved 1048576K
}
Event: 166.468 GC heap after
{Heap after GC invocations=61 (full 0):
 garbage-first heap   total 181248K, used 143861K [0x0000000080000000, 0x0000000100000000)
  region size 1024K, 2 young (2048K), 2 survivors (2048K)
 Metaspace       used 100615K, committed 101504K, reserved 1179648K
  class space    used 13813K, committed 14272K, reserved 1048576K
}
Event: 166.602 GC heap before
{Heap before GC invocations=61 (full 0):
 garbage-first heap   total 181248K, used 156149K [0x0000000080000000, 0x0000000100000000)
  region size 1024K, 14 young (14336K), 2 survivors (2048K)
 Metaspace       used 100640K, committed 101568K, reserved 1179648K
  class space    used 13813K, committed 14272K, reserved 1048576K
}
Event: 166.613 GC heap after
{Heap after GC invocations=62 (full 0):
 garbage-first heap   total 181248K, used 144203K [0x0000000080000000, 0x0000000100000000)
  region size 1024K, 2 young (2048K), 2 survivors (2048K)
 Metaspace       used 100640K, committed 101568K, reserved 1179648K
  class space    used 13813K, committed 14272K, reserved 1048576K
}
Event: 166.965 GC heap before
{Heap before GC invocations=62 (full 0):
 garbage-first heap   total 181248K, used 156491K [0x0000000080000000, 0x0000000100000000)
  region size 1024K, 14 young (14336K), 2 survivors (2048K)
 Metaspace       used 100668K, committed 101568K, reserved 1179648K
  class space    used 13813K, committed 14272K, reserved 1048576K
}
Event: 166.975 GC heap after
{Heap after GC invocations=63 (full 0):
 garbage-first heap   total 181248K, used 144822K [0x0000000080000000, 0x0000000100000000)
  region size 1024K, 2 young (2048K), 2 survivors (2048K)
 Metaspace       used 100668K, committed 101568K, reserved 1179648K
  class space    used 13813K, committed 14272K, reserved 1048576K
}
Event: 236.678 GC heap before
{Heap before GC invocations=63 (full 0):
 garbage-first heap   total 181248K, used 156086K [0x0000000080000000, 0x0000000100000000)
  region size 1024K, 14 young (14336K), 2 survivors (2048K)
 Metaspace       used 100732K, committed 101696K, reserved 1179648K
  class space    used 13814K, committed 14336K, reserved 1048576K
}
Event: 236.719 GC heap after
{Heap after GC invocations=64 (full 0):
 garbage-first heap   total 245760K, used 145022K [0x0000000080000000, 0x0000000100000000)
  region size 1024K, 2 young (2048K), 2 survivors (2048K)
 Metaspace       used 100732K, committed 101696K, reserved 1179648K
  class space    used 13814K, committed 14336K, reserved 1048576K
}
Event: 353.006 GC heap before
{Heap before GC invocations=64 (full 0):
 garbage-first heap   total 245760K, used 204414K [0x0000000080000000, 0x0000000100000000)
  region size 1024K, 60 young (61440K), 2 survivors (2048K)
 Metaspace       used 100868K, committed 101824K, reserved 1179648K
  class space    used 13824K, committed 14336K, reserved 1048576K
}
Event: 353.065 GC heap after
{Heap after GC invocations=65 (full 0):
 garbage-first heap   total 245760K, used 148629K [0x0000000080000000, 0x0000000100000000)
  region size 1024K, 5 young (5120K), 5 survivors (5120K)
 Metaspace       used 100868K, committed 101824K, reserved 1179648K
  class space    used 13824K, committed 14336K, reserved 1048576K
}
Event: 360.663 GC heap before
{Heap before GC invocations=65 (full 0):
 garbage-first heap   total 245760K, used 204949K [0x0000000080000000, 0x0000000100000000)
  region size 1024K, 61 young (62464K), 5 survivors (5120K)
 Metaspace       used 101136K, committed 102080K, reserved 1179648K
  class space    used 13830K, committed 14336K, reserved 1048576K
}
Event: 360.728 GC heap after
{Heap after GC invocations=66 (full 0):
 garbage-first heap   total 245760K, used 155678K [0x0000000080000000, 0x0000000100000000)
  region size 1024K, 8 young (8192K), 8 survivors (8192K)
 Metaspace       used 101136K, committed 102080K, reserved 1179648K
  class space    used 13830K, committed 14336K, reserved 1048576K
}
Event: 467.769 GC heap before
{Heap before GC invocations=66 (full 0):
 garbage-first heap   total 245760K, used 204830K [0x0000000080000000, 0x0000000100000000)
  region size 1024K, 56 young (57344K), 8 survivors (8192K)
 Metaspace       used 101385K, committed 102336K, reserved 1179648K
  class space    used 13834K, committed 14336K, reserved 1048576K
}
Event: 467.945 GC heap after
{Heap after GC invocations=67 (full 0):
 garbage-first heap   total 245760K, used 159168K [0x0000000080000000, 0x0000000100000000)
  region size 1024K, 4 young (4096K), 4 survivors (4096K)
 Metaspace       used 101385K, committed 102336K, reserved 1179648K
  class space    used 13834K, committed 14336K, reserved 1048576K
}
Event: 561.904 GC heap before
{Heap before GC invocations=67 (full 0):
 garbage-first heap   total 245760K, used 205248K [0x0000000080000000, 0x0000000100000000)
  region size 1024K, 50 young (51200K), 4 survivors (4096K)
 Metaspace       used 101468K, committed 102464K, reserved 1179648K
  class space    used 13835K, committed 14336K, reserved 1048576K
}
Event: 561.976 GC heap after
{Heap after GC invocations=68 (full 0):
 garbage-first heap   total 245760K, used 158844K [0x0000000080000000, 0x0000000100000000)
  region size 1024K, 3 young (3072K), 3 survivors (3072K)
 Metaspace       used 101468K, committed 102464K, reserved 1179648K
  class space    used 13835K, committed 14336K, reserved 1048576K
}
Event: 566.062 GC heap before
{Heap before GC invocations=68 (full 0):
 garbage-first heap   total 245760K, used 207996K [0x0000000080000000, 0x0000000100000000)
  region size 1024K, 52 young (53248K), 3 survivors (3072K)
 Metaspace       used 101538K, committed 102528K, reserved 1179648K
  class space    used 13838K, committed 14336K, reserved 1048576K
}
Event: 566.088 GC heap after
{Heap after GC invocations=69 (full 0):
 garbage-first heap   total 245760K, used 163296K [0x0000000080000000, 0x0000000100000000)
  region size 1024K, 7 young (7168K), 7 survivors (7168K)
 Metaspace       used 101538K, committed 102528K, reserved 1179648K
  class space    used 13838K, committed 14336K, reserved 1048576K
}

