# JRE version: OpenJDK Runtime Environment (21.0.8) (build 21.0.8+-14196175-b1038.72)
# Java VM: OpenJDK 64-Bit Server VM (21.0.8+-14196175-b1038.72, mixed mode, tiered, compressed oops, compressed class ptrs, g1 gc, windows-amd64)
GC Precious Log:
 CardTable entry size: 512
 Card Set container configuration: InlinePtr #cards 5 size 8 Array Of Cards #cards 12 size 40 Howl #buckets 4 coarsen threshold 1843 Howl Bitmap #cards 512 size 80 coarsen threshold 460 Card regions per heap region 1 cards per card region 2048
 CPUs: 8 total, 8 available
 Memory: 8066M
 Large Page Support: Disabled
 NUMA Support: Disabled
 Compressed Oops: Enabled (32-bit)
 Heap Region Size: 1M
 Heap Min Capacity: 8M
 Heap Initial Capacity: 128M
 Heap Max Capacity: 2018M
 Pre-touch: Disabled
 Parallel Workers: 8
 Concurrent Workers: 2
 Concurrent Refinement Workers: 8
 Periodic GC: Disabled
Heap:
 garbage-first heap   total 293888K, used 214904K [0x0000000081e00000, 0x0000000100000000)
  region size 1024K, 38 young (38912K), 5 survivors (5120K)
 Metaspace       used 89921K, committed 90752K, reserved 1179648K
  class space    used 9589K, committed 9984K, reserved 1048576K
GC Heap History (20 events):
Event: 17.891 GC heap before
{Heap before GC invocations=41 (full 0):
 garbage-first heap   total 199680K, used 165394K [0x0000000081e00000, 0x0000000100000000)
  region size 1024K, 49 young (50176K), 4 survivors (4096K)
 Metaspace       used 65190K, committed 65920K, reserved 1114112K
  class space    used 7277K, committed 7616K, reserved 1048576K
}
Event: 17.899 GC heap after
{Heap after GC invocations=42 (full 0):
 garbage-first heap   total 199680K, used 122880K [0x0000000081e00000, 0x0000000100000000)
  region size 1024K, 7 young (7168K), 7 survivors (7168K)
 Metaspace       used 65190K, committed 65920K, reserved 1114112K
  class space    used 7277K, committed 7616K, reserved 1048576K
}
Event: 18.842 GC heap before
{Heap before GC invocations=42 (full 0):
 garbage-first heap   total 199680K, used 181248K [0x0000000081e00000, 0x0000000100000000)
  region size 1024K, 64 young (65536K), 7 survivors (7168K)
 Metaspace       used 65352K, committed 66048K, reserved 1114112K
  class space    used 7278K, committed 7616K, reserved 1048576K
}
Event: 18.855 GC heap after
{Heap after GC invocations=43 (full 0):
 garbage-first heap   total 199680K, used 124532K [0x0000000081e00000, 0x0000000100000000)
  region size 1024K, 7 young (7168K), 7 survivors (7168K)
 Metaspace       used 65352K, committed 66048K, reserved 1114112K
  class space    used 7278K, committed 7616K, reserved 1048576K
}
Event: 19.860 GC heap before
{Heap before GC invocations=43 (full 0):
 garbage-first heap   total 199680K, used 180852K [0x0000000081e00000, 0x0000000100000000)
  region size 1024K, 62 young (63488K), 7 survivors (7168K)
 Metaspace       used 65457K, committed 66176K, reserved 1114112K
  class space    used 7283K, committed 7616K, reserved 1048576K
}
Event: 19.874 GC heap after
{Heap after GC invocations=44 (full 0):
 garbage-first heap   total 199680K, used 128333K [0x0000000081e00000, 0x0000000100000000)
  region size 1024K, 8 young (8192K), 8 survivors (8192K)
 Metaspace       used 65457K, committed 66176K, reserved 1114112K
  class space    used 7283K, committed 7616K, reserved 1048576K
}
Event: 20.780 GC heap before
{Heap before GC invocations=45 (full 0):
 garbage-first heap   total 215040K, used 179533K [0x0000000081e00000, 0x0000000100000000)
  region size 1024K, 58 young (59392K), 8 survivors (8192K)
 Metaspace       used 65527K, committed 66240K, reserved 1114112K
  class space    used 7283K, committed 7616K, reserved 1048576K
}
Event: 20.791 GC heap after
{Heap after GC invocations=46 (full 0):
 garbage-first heap   total 215040K, used 132018K [0x0000000081e00000, 0x0000000100000000)
  region size 1024K, 8 young (8192K), 8 survivors (8192K)
 Metaspace       used 65527K, committed 66240K, reserved 1114112K
  class space    used 7283K, committed 7616K, reserved 1048576K
}
Event: 21.825 GC heap before
{Heap before GC invocations=46 (full 0):
 garbage-first heap   total 215040K, used 194482K [0x0000000081e00000, 0x0000000100000000)
  region size 1024K, 69 young (70656K), 8 survivors (8192K)
 Metaspace       used 65744K, committed 66432K, reserved 1114112K
  class space    used 7295K, committed 7616K, reserved 1048576K
}
Event: 21.841 GC heap after
{Heap after GC invocations=47 (full 0):
 garbage-first heap   total 215040K, used 136330K [0x0000000081e00000, 0x0000000100000000)
  region size 1024K, 9 young (9216K), 9 survivors (9216K)
 Metaspace       used 65744K, committed 66432K, reserved 1114112K
  class space    used 7295K, committed 7616K, reserved 1048576K
}
Event: 22.285 GC heap before
{Heap before GC invocations=47 (full 0):
 garbage-first heap   total 215040K, used 193674K [0x0000000081e00000, 0x0000000100000000)
  region size 1024K, 65 young (66560K), 9 survivors (9216K)
 Metaspace       used 66441K, committed 67136K, reserved 1114112K
  class space    used 7346K, committed 7680K, reserved 1048576K
}
Event: 22.298 GC heap after
{Heap after GC invocations=48 (full 0):
 garbage-first heap   total 258048K, used 141635K [0x0000000081e00000, 0x0000000100000000)
  region size 1024K, 6 young (6144K), 6 survivors (6144K)
 Metaspace       used 66441K, committed 67136K, reserved 1114112K
  class space    used 7346K, committed 7680K, reserved 1048576K
}
Event: 23.899 GC heap before
{Heap before GC invocations=49 (full 0):
 garbage-first heap   total 258048K, used 233795K [0x0000000081e00000, 0x0000000100000000)
  region size 1024K, 96 young (98304K), 6 survivors (6144K)
 Metaspace       used 74110K, committed 74816K, reserved 1179648K
  class space    used 8118K, committed 8448K, reserved 1048576K
}
Event: 23.906 GC heap after
{Heap after GC invocations=50 (full 0):
 garbage-first heap   total 258048K, used 142519K [0x0000000081e00000, 0x0000000100000000)
  region size 1024K, 7 young (7168K), 7 survivors (7168K)
 Metaspace       used 74110K, committed 74816K, reserved 1179648K
  class space    used 8118K, committed 8448K, reserved 1048576K
}
Event: 25.588 GC heap before
{Heap before GC invocations=50 (full 0):
 garbage-first heap   total 258048K, used 235703K [0x0000000081e00000, 0x0000000100000000)
  region size 1024K, 98 young (100352K), 7 survivors (7168K)
 Metaspace       used 77741K, committed 78464K, reserved 1179648K
  class space    used 8465K, committed 8832K, reserved 1048576K
}
Event: 25.605 GC heap after
{Heap after GC invocations=51 (full 0):
 garbage-first heap   total 258048K, used 154223K [0x0000000081e00000, 0x0000000100000000)
  region size 1024K, 13 young (13312K), 13 survivors (13312K)
 Metaspace       used 77741K, committed 78464K, reserved 1179648K
  class space    used 8465K, committed 8832K, reserved 1048576K
}
Event: 26.408 GC heap before
{Heap before GC invocations=51 (full 0):
 garbage-first heap   total 258048K, used 229999K [0x0000000081e00000, 0x0000000100000000)
  region size 1024K, 87 young (89088K), 13 survivors (13312K)
 Metaspace       used 78711K, committed 79424K, reserved 1179648K
  class space    used 8536K, committed 8896K, reserved 1048576K
}
Event: 26.438 GC heap after
{Heap after GC invocations=52 (full 0):
 garbage-first heap   total 265216K, used 176128K [0x0000000081e00000, 0x0000000100000000)
  region size 1024K, 11 young (11264K), 11 survivors (11264K)
 Metaspace       used 78711K, committed 79424K, reserved 1179648K
  class space    used 8536K, committed 8896K, reserved 1048576K
}
Event: 27.606 GC heap before
{Heap before GC invocations=53 (full 0):
 garbage-first heap   total 293888K, used 235520K [0x0000000081e00000, 0x0000000100000000)
  region size 1024K, 69 young (70656K), 11 survivors (11264K)
 Metaspace       used 85888K, committed 86720K, reserved 1179648K
  class space    used 9235K, committed 9600K, reserved 1048576K
}
Event: 27.619 GC heap after
{Heap after GC invocations=54 (full 0):
 garbage-first heap   total 293888K, used 182136K [0x0000000081e00000, 0x0000000100000000)
  region size 1024K, 5 young (5120K), 5 survivors (5120K)
 Metaspace       used 85888K, committed 86720K, reserved 1179648K
  class space    used 9235K, committed 9600K, reserved 1048576K
}

