# JRE version: OpenJDK Runtime Environment (21.0.8) (build 21.0.8+-14196175-b1038.72)
# Java VM: OpenJDK 64-Bit Server VM (21.0.8+-14196175-b1038.72, mixed mode, tiered, compressed oops, compressed class ptrs, g1 gc, windows-amd64)
GC Precious Log:
 CardTable entry size: 512
 Card Set container configuration: InlinePtr #cards 5 size 8 Array Of Cards #cards 12 size 40 Howl #buckets 4 coarsen threshold 1843 Howl Bitmap #cards 512 size 80 coarsen threshold 460 Card regions per heap region 1 cards per card region 2048
 CPUs: 8 total, 8 available
 Memory: 8066M
 Large Page Support: Disabled
 NUMA Support: Disabled
 Compressed Oops: Enabled (32-bit)
 Heap Region Size: 1M
 Heap Min Capacity: 8M
 Heap Initial Capacity: 128M
 Heap Max Capacity: 2G
 Pre-touch: Disabled
 Parallel Workers: 8
 Concurrent Workers: 2
 Concurrent Refinement Workers: 8
 Periodic GC: Disabled
Heap:
 garbage-first heap   total 271360K, used 179859K [0x0000000080000000, 0x0000000100000000)
  region size 1024K, 23 young (23552K), 10 survivors (10240K)
 Metaspace       used 120829K, committed 123008K, reserved 1179648K
  class space    used 16914K, committed 17984K, reserved 1048576K
GC Heap History (20 events):
Event: 17.696 GC heap before
{Heap before GC invocations=30 (full 0):
 garbage-first heap   total 221184K, used 203637K [0x0000000080000000, 0x0000000100000000)
  region size 1024K, 75 young (76800K), 11 survivors (11264K)
 Metaspace       used 85695K, committed 87616K, reserved 1179648K
  class space    used 11924K, committed 12864K, reserved 1048576K
}
Event: 17.706 GC heap after
{Heap after GC invocations=31 (full 0):
 garbage-first heap   total 223232K, used 136524K [0x0000000080000000, 0x0000000100000000)
  region size 1024K, 7 young (7168K), 7 survivors (7168K)
 Metaspace       used 85695K, committed 87616K, reserved 1179648K
  class space    used 11924K, committed 12864K, reserved 1048576K
}
Event: 18.541 GC heap before
{Heap before GC invocations=31 (full 0):
 garbage-first heap   total 223232K, used 171340K [0x0000000080000000, 0x0000000100000000)
  region size 1024K, 42 young (43008K), 7 survivors (7168K)
 Metaspace       used 90033K, committed 91968K, reserved 1179648K
  class space    used 12477K, committed 13440K, reserved 1048576K
}
Event: 18.547 GC heap after
{Heap after GC invocations=32 (full 0):
 garbage-first heap   total 223232K, used 138648K [0x0000000080000000, 0x0000000100000000)
  region size 1024K, 3 young (3072K), 3 survivors (3072K)
 Metaspace       used 90033K, committed 91968K, reserved 1179648K
  class space    used 12477K, committed 13440K, reserved 1048576K
}
Event: 20.026 GC heap before
{Heap before GC invocations=33 (full 0):
 garbage-first heap   total 240640K, used 209304K [0x0000000080000000, 0x0000000100000000)
  region size 1024K, 68 young (69632K), 3 survivors (3072K)
 Metaspace       used 94385K, committed 96384K, reserved 1179648K
  class space    used 13063K, committed 14016K, reserved 1048576K
}
Event: 20.031 GC heap after
{Heap after GC invocations=34 (full 0):
 garbage-first heap   total 240640K, used 149231K [0x0000000080000000, 0x0000000100000000)
  region size 1024K, 9 young (9216K), 9 survivors (9216K)
 Metaspace       used 94385K, committed 96384K, reserved 1179648K
  class space    used 13063K, committed 14016K, reserved 1048576K
}
Event: 21.253 GC heap before
{Heap before GC invocations=34 (full 0):
 garbage-first heap   total 240640K, used 217839K [0x0000000080000000, 0x0000000100000000)
  region size 1024K, 75 young (76800K), 9 survivors (9216K)
 Metaspace       used 98667K, committed 100672K, reserved 1179648K
  class space    used 13757K, committed 14720K, reserved 1048576K
}
Event: 21.262 GC heap after
{Heap after GC invocations=35 (full 0):
 garbage-first heap   total 240640K, used 150423K [0x0000000080000000, 0x0000000100000000)
  region size 1024K, 5 young (5120K), 5 survivors (5120K)
 Metaspace       used 98667K, committed 100672K, reserved 1179648K
  class space    used 13757K, committed 14720K, reserved 1048576K
}
Event: 22.558 GC heap before
{Heap before GC invocations=35 (full 0):
 garbage-first heap   total 240640K, used 221079K [0x0000000080000000, 0x0000000100000000)
  region size 1024K, 74 young (75776K), 5 survivors (5120K)
 Metaspace       used 103923K, committed 105984K, reserved 1179648K
  class space    used 14609K, committed 15616K, reserved 1048576K
}
Event: 22.566 GC heap after
{Heap after GC invocations=36 (full 0):
 garbage-first heap   total 240640K, used 153943K [0x0000000080000000, 0x0000000100000000)
  region size 1024K, 8 young (8192K), 8 survivors (8192K)
 Metaspace       used 103923K, committed 105984K, reserved 1179648K
  class space    used 14609K, committed 15616K, reserved 1048576K
}
Event: 25.155 GC heap before
{Heap before GC invocations=37 (full 0):
 garbage-first heap   total 261120K, used 218455K [0x0000000080000000, 0x0000000100000000)
  region size 1024K, 70 young (71680K), 8 survivors (8192K)
 Metaspace       used 109324K, committed 111424K, reserved 1179648K
  class space    used 15412K, committed 16448K, reserved 1048576K
}
Event: 25.173 GC heap after
{Heap after GC invocations=38 (full 0):
 garbage-first heap   total 261120K, used 159232K [0x0000000080000000, 0x0000000100000000)
  region size 1024K, 9 young (9216K), 9 survivors (9216K)
 Metaspace       used 109324K, committed 111424K, reserved 1179648K
  class space    used 15412K, committed 16448K, reserved 1048576K
}
Event: 26.584 GC heap before
{Heap before GC invocations=38 (full 0):
 garbage-first heap   total 261120K, used 237056K [0x0000000080000000, 0x0000000100000000)
  region size 1024K, 85 young (87040K), 9 survivors (9216K)
 Metaspace       used 109325K, committed 111424K, reserved 1179648K
  class space    used 15412K, committed 16448K, reserved 1048576K
}
Event: 26.594 GC heap after
{Heap after GC invocations=39 (full 0):
 garbage-first heap   total 261120K, used 159524K [0x0000000080000000, 0x0000000100000000)
  region size 1024K, 8 young (8192K), 8 survivors (8192K)
 Metaspace       used 109325K, committed 111424K, reserved 1179648K
  class space    used 15412K, committed 16448K, reserved 1048576K
}
Event: 27.634 GC heap before
{Heap before GC invocations=39 (full 0):
 garbage-first heap   total 261120K, used 238372K [0x0000000080000000, 0x0000000100000000)
  region size 1024K, 85 young (87040K), 8 survivors (8192K)
 Metaspace       used 109326K, committed 111424K, reserved 1179648K
  class space    used 15412K, committed 16448K, reserved 1048576K
}
Event: 27.642 GC heap after
{Heap after GC invocations=40 (full 0):
 garbage-first heap   total 261120K, used 162706K [0x0000000080000000, 0x0000000100000000)
  region size 1024K, 8 young (8192K), 8 survivors (8192K)
 Metaspace       used 109326K, committed 111424K, reserved 1179648K
  class space    used 15412K, committed 16448K, reserved 1048576K
}
Event: 28.673 GC heap before
{Heap before GC invocations=41 (full 0):
 garbage-first heap   total 271360K, used 237458K [0x0000000080000000, 0x0000000100000000)
  region size 1024K, 82 young (83968K), 8 survivors (8192K)
 Metaspace       used 109808K, committed 111936K, reserved 1179648K
  class space    used 15468K, committed 16512K, reserved 1048576K
}
Event: 28.682 GC heap after
{Heap after GC invocations=42 (full 0):
 garbage-first heap   total 271360K, used 165465K [0x0000000080000000, 0x0000000100000000)
  region size 1024K, 9 young (9216K), 9 survivors (9216K)
 Metaspace       used 109808K, committed 111936K, reserved 1179648K
  class space    used 15468K, committed 16512K, reserved 1048576K
}
Event: 31.306 GC heap before
{Heap before GC invocations=42 (full 0):
 garbage-first heap   total 271360K, used 247385K [0x0000000080000000, 0x0000000100000000)
  region size 1024K, 88 young (90112K), 9 survivors (9216K)
 Metaspace       used 119568K, committed 121792K, reserved 1179648K
  class space    used 16752K, committed 17856K, reserved 1048576K
}
Event: 31.317 GC heap after
{Heap after GC invocations=43 (full 0):
 garbage-first heap   total 271360K, used 168595K [0x0000000080000000, 0x0000000100000000)
  region size 1024K, 10 young (10240K), 10 survivors (10240K)
 Metaspace       used 119568K, committed 121792K, reserved 1179648K
  class space    used 16752K, committed 17856K, reserved 1048576K
}

