# JRE version: OpenJDK Runtime Environment Temurin-21.0.9+10 (21.0.9+10) (build 21.0.9+10-LTS)
# Java VM: OpenJDK 64-Bit Server VM Temurin-21.0.9+10 (21.0.9+10-LTS, mixed mode, sharing, tiered, compressed oops, compressed class ptrs, parallel gc, windows-amd64)
GC Precious Log:
 CardTable entry size: 512
 CPUs: 8 total, 8 available
 Memory: 8066M
 Large Page Support: Disabled
 NUMA Support: Disabled
 Compressed Oops: Enabled (32-bit)
 Alignments: Space 512K, Generation 512K, Heap 2M
 Heap Min Capacity: 100M
 Heap Initial Capacity: 100M
 Heap Max Capacity: 2G
 Pre-touch: Disabled
 Parallel Workers: 8
Heap:
 PSYoungGen      total 12288K, used 1270K [0x00000000d5580000, 0x00000000d6b80000, 0x0000000100000000)
  eden space 11264K, 5% used [0x00000000d5580000,0x00000000d56158c0,0x00000000d6080000)
  from space 1024K, 65% used [0x00000000d6a80000,0x00000000d6b28020,0x00000000d6b80000)
  to   space 2560K, 0% used [0x00000000d6680000,0x00000000d6680000,0x00000000d6900000)
 ParOldGen       total 422912K, used 422522K [0x0000000080000000, 0x0000000099d00000, 0x00000000d5580000)
  object space 422912K, 99% used [0x0000000080000000,0x0000000099c9ebd8,0x0000000099d00000)
 Metaspace       used 66377K, committed 67776K, reserved 1114112K
  class space    used 8034K, committed 8640K, reserved 1048576K
GC Heap History (20 events):
Event: 63.925 GC heap before
{Heap before GC invocations=452 (full 3):
 PSYoungGen      total 1024K, used 992K [0x00000000d5580000, 0x00000000d6200000, 0x0000000100000000)
  eden space 512K, 100% used [0x00000000d5580000,0x00000000d5600000,0x00000000d5600000)
  from space 512K, 93% used [0x00000000d6180000,0x00000000d61f8000,0x00000000d6200000)
  to   space 1024K, 0% used [0x00000000d6000000,0x00000000d6000000,0x00000000d6100000)
 ParOldGen       total 390656K, used 390523K [0x0000000080000000, 0x0000000097d80000, 0x00000000d5580000)
  object space 390656K, 99% used [0x0000000080000000,0x0000000097d5ec60,0x0000000097d80000)
 Metaspace       used 64490K, committed 65920K, reserved 1114112K
  class space    used 7814K, committed 8448K, reserved 1048576K
}
Event: 63.929 GC heap after
{Heap after GC invocations=452 (full 3):
 PSYoungGen      total 1536K, used 672K [0x00000000d5580000, 0x00000000d6200000, 0x0000000100000000)
  eden space 512K, 0% used [0x00000000d5580000,0x00000000d5580000,0x00000000d5600000)
  from space 1024K, 65% used [0x00000000d6000000,0x00000000d60a8000,0x00000000d6100000)
  to   space 1024K, 0% used [0x00000000d6100000,0x00000000d6100000,0x00000000d6200000)
 ParOldGen       total 391168K, used 390879K [0x0000000080000000, 0x0000000097e00000, 0x00000000d5580000)
  object space 391168K, 99% used [0x0000000080000000,0x0000000097db7c58,0x0000000097e00000)
 Metaspace       used 64490K, committed 65920K, reserved 1114112K
  class space    used 7814K, committed 8448K, reserved 1048576K
}
Event: 63.989 GC heap before
{Heap before GC invocations=453 (full 3):
 PSYoungGen      total 1536K, used 1184K [0x00000000d5580000, 0x00000000d6200000, 0x0000000100000000)
  eden space 512K, 100% used [0x00000000d5580000,0x00000000d5600000,0x00000000d5600000)
  from space 1024K, 65% used [0x00000000d6000000,0x00000000d60a8000,0x00000000d6100000)
  to   space 1024K, 0% used [0x00000000d6100000,0x00000000d6100000,0x00000000d6200000)
 ParOldGen       total 391168K, used 390879K [0x0000000080000000, 0x0000000097e00000, 0x00000000d5580000)
  object space 391168K, 99% used [0x0000000080000000,0x0000000097db7c58,0x0000000097e00000)
 Metaspace       used 64490K, committed 65920K, reserved 1114112K
  class space    used 7814K, committed 8448K, reserved 1048576K
}
Event: 63.993 GC heap after
{Heap after GC invocations=453 (full 3):
 PSYoungGen      total 1536K, used 659K [0x00000000d5580000, 0x00000000d6200000, 0x0000000100000000)
  eden space 512K, 0% used [0x00000000d5580000,0x00000000d5580000,0x00000000d5600000)
  from space 1024K, 64% used [0x00000000d6100000,0x00000000d61a4fd0,0x00000000d6200000)
  to   space 1024K, 0% used [0x00000000d6000000,0x00000000d6000000,0x00000000d6100000)
 ParOldGen       total 391680K, used 391391K [0x0000000080000000, 0x0000000097e80000, 0x00000000d5580000)
  object space 391680K, 99% used [0x0000000080000000,0x0000000097e37c10,0x0000000097e80000)
 Metaspace       used 64490K, committed 65920K, reserved 1114112K
  class space    used 7814K, committed 8448K, reserved 1048576K
}
Event: 64.017 GC heap before
{Heap before GC invocations=454 (full 3):
 PSYoungGen      total 1536K, used 1171K [0x00000000d5580000, 0x00000000d6200000, 0x0000000100000000)
  eden space 512K, 100% used [0x00000000d5580000,0x00000000d5600000,0x00000000d5600000)
  from space 1024K, 64% used [0x00000000d6100000,0x00000000d61a4fd0,0x00000000d6200000)
  to   space 1024K, 0% used [0x00000000d6000000,0x00000000d6000000,0x00000000d6100000)
 ParOldGen       total 391680K, used 391391K [0x0000000080000000, 0x0000000097e80000, 0x00000000d5580000)
  object space 391680K, 99% used [0x0000000080000000,0x0000000097e37c10,0x0000000097e80000)
 Metaspace       used 64505K, committed 65984K, reserved 1114112K
  class space    used 7814K, committed 8448K, reserved 1048576K
}
Event: 64.024 GC heap after
{Heap after GC invocations=454 (full 3):
 PSYoungGen      total 1536K, used 583K [0x00000000d5580000, 0x00000000d6180000, 0x0000000100000000)
  eden space 512K, 0% used [0x00000000d5580000,0x00000000d5580000,0x00000000d5600000)
  from space 1024K, 57% used [0x00000000d6000000,0x00000000d6091fa0,0x00000000d6100000)
  to   space 512K, 0% used [0x00000000d6100000,0x00000000d6100000,0x00000000d6180000)
 ParOldGen       total 392192K, used 391897K [0x0000000080000000, 0x0000000097f00000, 0x00000000d5580000)
  object space 392192K, 99% used [0x0000000080000000,0x0000000097eb6650,0x0000000097f00000)
 Metaspace       used 64505K, committed 65984K, reserved 1114112K
  class space    used 7814K, committed 8448K, reserved 1048576K
}
Event: 64.167 GC heap before
{Heap before GC invocations=455 (full 3):
 PSYoungGen      total 1536K, used 1095K [0x00000000d5580000, 0x00000000d6180000, 0x0000000100000000)
  eden space 512K, 100% used [0x00000000d5580000,0x00000000d5600000,0x00000000d5600000)
  from space 1024K, 57% used [0x00000000d6000000,0x00000000d6091fa0,0x00000000d6100000)
  to   space 512K, 0% used [0x00000000d6100000,0x00000000d6100000,0x00000000d6180000)
 ParOldGen       total 394240K, used 393409K [0x0000000080000000, 0x0000000098100000, 0x00000000d5580000)
  object space 394240K, 99% used [0x0000000080000000,0x0000000098030650,0x0000000098100000)
 Metaspace       used 64510K, committed 65984K, reserved 1114112K
  class space    used 7814K, committed 8448K, reserved 1048576K
}
Event: 64.176 GC heap after
{Heap after GC invocations=455 (full 3):
 PSYoungGen      total 11776K, used 288K [0x00000000d5580000, 0x00000000d6180000, 0x0000000100000000)
  eden space 11264K, 0% used [0x00000000d5580000,0x00000000d5580000,0x00000000d6080000)
  from space 512K, 56% used [0x00000000d6100000,0x00000000d6148000,0x00000000d6180000)
  to   space 512K, 0% used [0x00000000d6080000,0x00000000d6080000,0x00000000d6100000)
 ParOldGen       total 394240K, used 393928K [0x0000000080000000, 0x0000000098100000, 0x00000000d5580000)
  object space 394240K, 99% used [0x0000000080000000,0x00000000980b2060,0x0000000098100000)
 Metaspace       used 64510K, committed 65984K, reserved 1114112K
  class space    used 7814K, committed 8448K, reserved 1048576K
}
Event: 65.341 GC heap before
{Heap before GC invocations=456 (full 3):
 PSYoungGen      total 11776K, used 11552K [0x00000000d5580000, 0x00000000d6180000, 0x0000000100000000)
  eden space 11264K, 100% used [0x00000000d5580000,0x00000000d6080000,0x00000000d6080000)
  from space 512K, 56% used [0x00000000d6100000,0x00000000d6148000,0x00000000d6180000)
  to   space 512K, 0% used [0x00000000d6080000,0x00000000d6080000,0x00000000d6100000)
 ParOldGen       total 394240K, used 393928K [0x0000000080000000, 0x0000000098100000, 0x00000000d5580000)
  object space 394240K, 99% used [0x0000000080000000,0x00000000980b2060,0x0000000098100000)
 Metaspace       used 64517K, committed 65984K, reserved 1114112K
  class space    used 7814K, committed 8448K, reserved 1048576K
}
Event: 65.378 GC heap after
{Heap after GC invocations=456 (full 3):
 PSYoungGen      total 11776K, used 512K [0x00000000d5580000, 0x00000000d6f80000, 0x0000000100000000)
  eden space 11264K, 0% used [0x00000000d5580000,0x00000000d5580000,0x00000000d6080000)
  from space 512K, 100% used [0x00000000d6080000,0x00000000d6100000,0x00000000d6100000)
  to   space 7680K, 0% used [0x00000000d6800000,0x00000000d6800000,0x00000000d6f80000)
 ParOldGen       total 399872K, used 399856K [0x0000000080000000, 0x0000000098680000, 0x00000000d5580000)
  object space 399872K, 99% used [0x0000000080000000,0x000000009867c060,0x0000000098680000)
 Metaspace       used 64517K, committed 65984K, reserved 1114112K
  class space    used 7814K, committed 8448K, reserved 1048576K
}
Event: 65.842 GC heap before
{Heap before GC invocations=457 (full 3):
 PSYoungGen      total 11776K, used 11776K [0x00000000d5580000, 0x00000000d6f80000, 0x0000000100000000)
  eden space 11264K, 100% used [0x00000000d5580000,0x00000000d6080000,0x00000000d6080000)
  from space 512K, 100% used [0x00000000d6080000,0x00000000d6100000,0x00000000d6100000)
  to   space 7680K, 0% used [0x00000000d6800000,0x00000000d6800000,0x00000000d6f80000)
 ParOldGen       total 399872K, used 399856K [0x0000000080000000, 0x0000000098680000, 0x00000000d5580000)
  object space 399872K, 99% used [0x0000000080000000,0x000000009867c060,0x0000000098680000)
 Metaspace       used 64547K, committed 65984K, reserved 1114112K
  class space    used 7818K, committed 8448K, reserved 1048576K
}
Event: 65.849 GC heap after
{Heap after GC invocations=457 (full 3):
 PSYoungGen      total 16896K, used 5187K [0x00000000d5580000, 0x00000000d6d80000, 0x0000000100000000)
  eden space 11264K, 0% used [0x00000000d5580000,0x00000000d5580000,0x00000000d6080000)
  from space 5632K, 92% used [0x00000000d6800000,0x00000000d6d10d80,0x00000000d6d80000)
  to   space 5632K, 0% used [0x00000000d6280000,0x00000000d6280000,0x00000000d6800000)
 ParOldGen       total 400896K, used 400408K [0x0000000080000000, 0x0000000098780000, 0x00000000d5580000)
  object space 400896K, 99% used [0x0000000080000000,0x0000000098706060,0x0000000098780000)
 Metaspace       used 64547K, committed 65984K, reserved 1114112K
  class space    used 7818K, committed 8448K, reserved 1048576K
}
Event: 65.917 GC heap before
{Heap before GC invocations=458 (full 3):
 PSYoungGen      total 16896K, used 16451K [0x00000000d5580000, 0x00000000d6d80000, 0x0000000100000000)
  eden space 11264K, 100% used [0x00000000d5580000,0x00000000d6080000,0x00000000d6080000)
  from space 5632K, 92% used [0x00000000d6800000,0x00000000d6d10d80,0x00000000d6d80000)
  to   space 5632K, 0% used [0x00000000d6280000,0x00000000d6280000,0x00000000d6800000)
 ParOldGen       total 400896K, used 400408K [0x0000000080000000, 0x0000000098780000, 0x00000000d5580000)
  object space 400896K, 99% used [0x0000000080000000,0x0000000098706060,0x0000000098780000)
 Metaspace       used 64564K, committed 65984K, reserved 1114112K
  class space    used 7818K, committed 8448K, reserved 1048576K
}
Event: 65.960 GC heap after
{Heap after GC invocations=458 (full 3):
 PSYoungGen      total 16896K, used 5611K [0x00000000d5580000, 0x00000000d7f80000, 0x0000000100000000)
  eden space 11264K, 0% used [0x00000000d5580000,0x00000000d5580000,0x00000000d6080000)
  from space 5632K, 99% used [0x00000000d6280000,0x00000000d67fafe8,0x00000000d6800000)
  to   space 15872K, 0% used [0x00000000d7000000,0x00000000d7000000,0x00000000d7f80000)
 ParOldGen       total 409088K, used 408806K [0x0000000080000000, 0x0000000098f80000, 0x00000000d5580000)
  object space 409088K, 99% used [0x0000000080000000,0x0000000098f398f8,0x0000000098f80000)
 Metaspace       used 64564K, committed 65984K, reserved 1114112K
  class space    used 7818K, committed 8448K, reserved 1048576K
}
Event: 66.441 GC heap before
{Heap before GC invocations=459 (full 3):
 PSYoungGen      total 16896K, used 16875K [0x00000000d5580000, 0x00000000d7f80000, 0x0000000100000000)
  eden space 11264K, 100% used [0x00000000d5580000,0x00000000d6080000,0x00000000d6080000)
  from space 5632K, 99% used [0x00000000d6280000,0x00000000d67fafe8,0x00000000d6800000)
  to   space 15872K, 0% used [0x00000000d7000000,0x00000000d7000000,0x00000000d7f80000)
 ParOldGen       total 409088K, used 408806K [0x0000000080000000, 0x0000000098f80000, 0x00000000d5580000)
  object space 409088K, 99% used [0x0000000080000000,0x0000000098f398f8,0x0000000098f80000)
 Metaspace       used 64791K, committed 66176K, reserved 1114112K
  class space    used 7845K, committed 8448K, reserved 1048576K
}
Event: 66.454 GC heap after
{Heap after GC invocations=459 (full 3):
 PSYoungGen      total 15360K, used 4028K [0x00000000d5580000, 0x00000000d7400000, 0x0000000100000000)
  eden space 11264K, 0% used [0x00000000d5580000,0x00000000d5580000,0x00000000d6080000)
  from space 4096K, 98% used [0x00000000d7000000,0x00000000d73ef300,0x00000000d7400000)
  to   space 7680K, 0% used [0x00000000d6500000,0x00000000d6500000,0x00000000d6c80000)
 ParOldGen       total 413696K, used 413478K [0x0000000080000000, 0x0000000099400000, 0x00000000d5580000)
  object space 413696K, 99% used [0x0000000080000000,0x00000000993c9888,0x0000000099400000)
 Metaspace       used 64791K, committed 66176K, reserved 1114112K
  class space    used 7845K, committed 8448K, reserved 1048576K
}
Event: 66.887 GC heap before
{Heap before GC invocations=460 (full 3):
 PSYoungGen      total 15360K, used 15292K [0x00000000d5580000, 0x00000000d7400000, 0x0000000100000000)
  eden space 11264K, 100% used [0x00000000d5580000,0x00000000d6080000,0x00000000d6080000)
  from space 4096K, 98% used [0x00000000d7000000,0x00000000d73ef300,0x00000000d7400000)
  to   space 7680K, 0% used [0x00000000d6500000,0x00000000d6500000,0x00000000d6c80000)
 ParOldGen       total 413696K, used 413478K [0x0000000080000000, 0x0000000099400000, 0x00000000d5580000)
  object space 413696K, 99% used [0x0000000080000000,0x00000000993c9888,0x0000000099400000)
 Metaspace       used 65128K, committed 66560K, reserved 1114112K
  class space    used 7882K, committed 8512K, reserved 1048576K
}
Event: 66.896 GC heap after
{Heap after GC invocations=460 (full 3):
 PSYoungGen      total 16896K, used 5329K [0x00000000d5580000, 0x00000000d7080000, 0x0000000100000000)
  eden space 11264K, 0% used [0x00000000d5580000,0x00000000d5580000,0x00000000d6080000)
  from space 5632K, 94% used [0x00000000d6500000,0x00000000d6a346c0,0x00000000d6a80000)
  to   space 6144K, 0% used [0x00000000d6a80000,0x00000000d6a80000,0x00000000d7080000)
 ParOldGen       total 417792K, used 417402K [0x0000000080000000, 0x0000000099800000, 0x00000000d5580000)
  object space 417792K, 99% used [0x0000000080000000,0x000000009979e838,0x0000000099800000)
 Metaspace       used 65128K, committed 66560K, reserved 1114112K
  class space    used 7882K, committed 8512K, reserved 1048576K
}
Event: 6295.781 GC heap before
{Heap before GC invocations=461 (full 3):
 PSYoungGen      total 16896K, used 16593K [0x00000000d5580000, 0x00000000d7080000, 0x0000000100000000)
  eden space 11264K, 100% used [0x00000000d5580000,0x00000000d6080000,0x00000000d6080000)
  from space 5632K, 94% used [0x00000000d6500000,0x00000000d6a346c0,0x00000000d6a80000)
  to   space 6144K, 0% used [0x00000000d6a80000,0x00000000d6a80000,0x00000000d7080000)
 ParOldGen       total 417792K, used 417402K [0x0000000080000000, 0x0000000099800000, 0x00000000d5580000)
  object space 417792K, 99% used [0x0000000080000000,0x000000009979e838,0x0000000099800000)
 Metaspace       used 66333K, committed 67776K, reserved 1114112K
  class space    used 8029K, committed 8640K, reserved 1048576K
}
Event: 6296.335 GC heap after
{Heap after GC invocations=461 (full 3):
 PSYoungGen      total 12288K, used 672K [0x00000000d5580000, 0x00000000d6b80000, 0x0000000100000000)
  eden space 11264K, 0% used [0x00000000d5580000,0x00000000d5580000,0x00000000d6080000)
  from space 1024K, 65% used [0x00000000d6a80000,0x00000000d6b28020,0x00000000d6b80000)
  to   space 2560K, 0% used [0x00000000d6680000,0x00000000d6680000,0x00000000d6900000)
 ParOldGen       total 422912K, used 422522K [0x0000000080000000, 0x0000000099d00000, 0x00000000d5580000)
  object space 422912K, 99% used [0x0000000080000000,0x0000000099c9ebd8,0x0000000099d00000)
 Metaspace       used 66333K, committed 67776K, reserved 1114112K
  class space    used 8029K, committed 8640K, reserved 1048576K
}

